This is pdfTeX, Version 3.14159265-2.6-1.40.16 (TeX Live 2015/Debian) (preloaded format=pdflatex 2017.1.9)  17 JUN 2017 22:46
entering extended mode
 restricted \write18 enabled.
 %&-line parsing enabled.
**VC_Moreno-Ramirez_170616.tex
(./VC_Moreno-Ramirez_170616.tex
LaTeX2e <2016/02/01>
Babel <3.9q> and hyphenation patterns for 81 language(s) loaded.
(/usr/share/texlive/texmf-dist/tex/latex/IEEEtran/IEEEtran.cls
Document Class: IEEEtran 2015/08/26 V1.8b by Michael Shell
-- See the "IEEEtran_HOWTO" manual for usage information.
-- http://www.michaelshell.org/tex/ieeetran/
\@IEEEtrantmpdimenA=\dimen102
\@IEEEtrantmpdimenB=\dimen103
\@IEEEtrantmpdimenC=\dimen104
\@IEEEtrantmpcountA=\count79
\@IEEEtrantmpcountB=\count80
\@IEEEtrantmpcountC=\count81
\@IEEEtrantmptoksA=\toks14
LaTeX Font Info:    Try loading font information for OT1+ptm on input line 503.

(/usr/share/texlive/texmf-dist/tex/latex/psnfss/ot1ptm.fd
File: ot1ptm.fd 2001/06/04 font definitions for OT1/ptm.
)
-- Using 8.5in x 11in (letter) paper.
-- Using PDF output.
\@IEEEnormalsizeunitybaselineskip=\dimen105
-- This is a 10 point document.
\CLASSINFOnormalsizebaselineskip=\dimen106
\CLASSINFOnormalsizeunitybaselineskip=\dimen107
\IEEEnormaljot=\dimen108
LaTeX Font Info:    Font shape `OT1/ptm/bx/n' in size <5> not available
(Font)              Font shape `OT1/ptm/b/n' tried instead on input line 1090.
LaTeX Font Info:    Font shape `OT1/ptm/bx/it' in size <5> not available
(Font)              Font shape `OT1/ptm/b/it' tried instead on input line 1090.

LaTeX Font Info:    Font shape `OT1/ptm/bx/n' in size <7> not available
(Font)              Font shape `OT1/ptm/b/n' tried instead on input line 1090.
LaTeX Font Info:    Font shape `OT1/ptm/bx/it' in size <7> not available
(Font)              Font shape `OT1/ptm/b/it' tried instead on input line 1090.

LaTeX Font Info:    Font shape `OT1/ptm/bx/n' in size <8> not available
(Font)              Font shape `OT1/ptm/b/n' tried instead on input line 1090.
LaTeX Font Info:    Font shape `OT1/ptm/bx/it' in size <8> not available
(Font)              Font shape `OT1/ptm/b/it' tried instead on input line 1090.

LaTeX Font Info:    Font shape `OT1/ptm/bx/n' in size <9> not available
(Font)              Font shape `OT1/ptm/b/n' tried instead on input line 1090.
LaTeX Font Info:    Font shape `OT1/ptm/bx/it' in size <9> not available
(Font)              Font shape `OT1/ptm/b/it' tried instead on input line 1090.

LaTeX Font Info:    Font shape `OT1/ptm/bx/n' in size <10> not available
(Font)              Font shape `OT1/ptm/b/n' tried instead on input line 1090.
LaTeX Font Info:    Font shape `OT1/ptm/bx/it' in size <10> not available
(Font)              Font shape `OT1/ptm/b/it' tried instead on input line 1090.

LaTeX Font Info:    Font shape `OT1/ptm/bx/n' in size <11> not available
(Font)              Font shape `OT1/ptm/b/n' tried instead on input line 1090.
LaTeX Font Info:    Font shape `OT1/ptm/bx/it' in size <11> not available
(Font)              Font shape `OT1/ptm/b/it' tried instead on input line 1090.

LaTeX Font Info:    Font shape `OT1/ptm/bx/n' in size <12> not available
(Font)              Font shape `OT1/ptm/b/n' tried instead on input line 1090.
LaTeX Font Info:    Font shape `OT1/ptm/bx/it' in size <12> not available
(Font)              Font shape `OT1/ptm/b/it' tried instead on input line 1090.

LaTeX Font Info:    Font shape `OT1/ptm/bx/n' in size <17> not available
(Font)              Font shape `OT1/ptm/b/n' tried instead on input line 1090.
LaTeX Font Info:    Font shape `OT1/ptm/bx/it' in size <17> not available
(Font)              Font shape `OT1/ptm/b/it' tried instead on input line 1090.

LaTeX Font Info:    Font shape `OT1/ptm/bx/n' in size <20> not available
(Font)              Font shape `OT1/ptm/b/n' tried instead on input line 1090.
LaTeX Font Info:    Font shape `OT1/ptm/bx/it' in size <20> not available
(Font)              Font shape `OT1/ptm/b/it' tried instead on input line 1090.

LaTeX Font Info:    Font shape `OT1/ptm/bx/n' in size <24> not available
(Font)              Font shape `OT1/ptm/b/n' tried instead on input line 1090.
LaTeX Font Info:    Font shape `OT1/ptm/bx/it' in size <24> not available
(Font)              Font shape `OT1/ptm/b/it' tried instead on input line 1090.

\IEEEquantizedlength=\dimen109
\IEEEquantizedlengthdiff=\dimen110
\IEEEquantizedtextheightdiff=\dimen111
\IEEEilabelindentA=\dimen112
\IEEEilabelindentB=\dimen113
\IEEEilabelindent=\dimen114
\IEEEelabelindent=\dimen115
\IEEEdlabelindent=\dimen116
\IEEElabelindent=\dimen117
\IEEEiednormlabelsep=\dimen118
\IEEEiedmathlabelsep=\dimen119
\IEEEiedtopsep=\skip41
\c@section=\count82
\c@subsection=\count83
\c@subsubsection=\count84
\c@paragraph=\count85
\c@IEEEsubequation=\count86
\abovecaptionskip=\skip42
\belowcaptionskip=\skip43
\c@figure=\count87
\c@table=\count88
\@IEEEeqnnumcols=\count89
\@IEEEeqncolcnt=\count90
\@IEEEsubeqnnumrollback=\count91
\@IEEEquantizeheightA=\dimen120
\@IEEEquantizeheightB=\dimen121
\@IEEEquantizeheightC=\dimen122
\@IEEEquantizeprevdepth=\dimen123
\@IEEEquantizemultiple=\count92
\@IEEEquantizeboxA=\box26
\@IEEEtmpitemindent=\dimen124
\IEEEPARstartletwidth=\dimen125
\c@IEEEbiography=\count93
\@IEEEtranrubishbin=\box27
) (/usr/share/texlive/texmf-dist/tex/generic/babel/babel.sty
Package: babel 2016/02/24 3.9q The Babel package

(/usr/share/texlive/texmf-dist/tex/generic/babel-spanish/spanish.ldf
Language: spanish.ldf 2016/01/15 v5.0o Spanish support from the babel system

(/usr/share/texlive/texmf-dist/tex/generic/babel/babel.def
File: babel.def 2016/02/24 3.9q Babel common definitions
\babel@savecnt=\count94
\U@D=\dimen126
)
\es@quottoks=\toks15
\es@quotdepth=\count95
Package babel Info: Making " an active character on input line 533.
Package babel Info: Making . an active character on input line 634.
Package babel Info: Making < an active character on input line 679.
Package babel Info: Making > an active character on input line 679.
))
(/usr/share/texlive/texmf-dist/tex/latex/base/inputenc.sty
Package: inputenc 2015/03/17 v1.2c Input encoding file
\inpenc@prehook=\toks16
\inpenc@posthook=\toks17

(/usr/share/texlive/texmf-dist/tex/latex/base/latin1.def
File: latin1.def 2015/03/17 v1.2c Input encoding file
))
(/usr/share/texlive/texmf-dist/tex/latex/blindtext/blindtext.sty
Package: blindtext 2012/01/06 V2.0 blindtext-Package

(/usr/share/texlive/texmf-dist/tex/latex/tools/xspace.sty
Package: xspace 2014/10/28 v1.13 Space after command names (DPC,MH)
)
\c@blindtext=\count96
\c@Blindtext=\count97
\c@blind@countparstart=\count98
\blind@countxx=\count99
\blindtext@numBlindtext=\count100
\blind@countyy=\count101
\c@blindlist=\count102
\c@blindlistlevel=\count103
\c@blindlist@level=\count104
\blind@listitem=\count105
\c@blind@listcount=\count106
\c@blind@levelcount=\count107
\blind@mathformula=\count108
\blind@Mathformula=\count109
\c@blind@randomcount=\count110
\c@blind@randommax=\count111
\c@blind@pangramcount=\count112
\c@blind@pangrammax=\count113
)
(/usr/share/texlive/texmf-dist/tex/latex/graphics/graphicx.sty
Package: graphicx 2014/10/28 v1.0g Enhanced LaTeX Graphics (DPC,SPQR)

(/usr/share/texlive/texmf-dist/tex/latex/graphics/keyval.sty
Package: keyval 2014/10/28 v1.15 key=value parser (DPC)
\KV@toks@=\toks18
)
(/usr/share/texlive/texmf-dist/tex/latex/graphics/graphics.sty
Package: graphics 2016/01/03 v1.0q Standard LaTeX Graphics (DPC,SPQR)

(/usr/share/texlive/texmf-dist/tex/latex/graphics/trig.sty
Package: trig 2016/01/03 v1.10 sin cos tan (DPC)
)
(/usr/share/texlive/texmf-dist/tex/latex/latexconfig/graphics.cfg
File: graphics.cfg 2010/04/23 v1.9 graphics configuration of TeX Live
)
Package graphics Info: Driver file: pdftex.def on input line 95.

(/usr/share/texlive/texmf-dist/tex/latex/pdftex-def/pdftex.def
File: pdftex.def 2011/05/27 v0.06d Graphics/color for pdfTeX

(/usr/share/texlive/texmf-dist/tex/generic/oberdiek/infwarerr.sty
Package: infwarerr 2010/04/08 v1.3 Providing info/warning/error messages (HO)
)
(/usr/share/texlive/texmf-dist/tex/generic/oberdiek/ltxcmds.sty
Package: ltxcmds 2011/11/09 v1.22 LaTeX kernel commands for general use (HO)
)
\Gread@gobject=\count114
))
\Gin@req@height=\dimen127
\Gin@req@width=\dimen128
)
(/usr/share/texlive/texmf-dist/tex/latex/subfigure/subfigure.sty
Package: subfigure 2002/03/15 v2.1.5 subfigure package
\subfigtopskip=\skip44
\subfigcapskip=\skip45
\subfigcaptopadj=\dimen129
\subfigbottomskip=\skip46
\subfigcapmargin=\dimen130
\subfiglabelskip=\skip47
\c@subfigure=\count115
\c@lofdepth=\count116
\c@subtable=\count117
\c@lotdepth=\count118

****************************************
* Local config file subfigure.cfg used *
****************************************
(/usr/share/texlive/texmf-dist/tex/latex/subfigure/subfigure.cfg)
\subfig@top=\skip48
\subfig@bottom=\skip49
)
(/usr/share/texlive/texmf-dist/tex/latex/mdwtools/mdwmath.sty
Package: mdwmath 1996/04/11 1.1 Nice mathematical things
\sq@sqrt=\count119
LaTeX Info: Redefining \sqrt on input line 84.
)
(/usr/share/texlive/texmf-dist/tex/latex/mdwtools/mdwtab.sty
Package: mdwtab 1998/04/28 1.9 Table typesetting with style
\tab@state=\count120
\tab@columns=\count121
\tab@preamble=\toks19
\tab@shortline=\toks20
\extrarowheight=\dimen131
\tabextrasep=\dimen132
\arrayextrasep=\dimen133
\smarraycolsep=\dimen134
\smarrayextrasep=\dimen135
\tab@width=\dimen136
\col@sep=\dimen137
\tab@endheight=\dimen138
\tab@leftskip=\skip50
\tab@rightskip=\skip51
\fn@notes=\box28
\fn@width=\dimen139
)
(/usr/share/texlive/texmf-dist/tex/latex/subfig/subfig.sty
Package: subfig 2005/06/28 ver: 1.3 subfig package

(/usr/share/texlive/texmf-dist/tex/latex/caption/caption.sty
Package: caption 2016/02/21 v3.3-144 Customizing captions (AR)

(/usr/share/texlive/texmf-dist/tex/latex/caption/caption3.sty
Package: caption3 2016/02/04 v1.7-139 caption3 kernel (AR)
Package caption3 Info: TeX engine: e-TeX on input line 67.
\captionmargin=\dimen140
\captionmargin@=\dimen141
\captionwidth=\dimen142
\caption@tempdima=\dimen143
\caption@indent=\dimen144
\caption@parindent=\dimen145
\caption@hangindent=\dimen146
Package caption Info: Unknown document class (or package),
(caption)             standard defaults will be used.
)

Package caption Warning: Unsupported document class (or package) detected,
(caption)                usage of the caption package is not recommended.
See the caption package documentation for explanation.

Package caption Info: \@makecaption = \long macro:#1#2->\ifx \@captype \@IEEEta
blestring \footnotesize \bgroup \par \centering \@IEEEtabletopskipstrut {\norma
lfont \footnotesize #1}\\{\normalfont \footnotesize \scshape #2}\par \addvspace
 {0.5\baselineskip }\egroup \@IEEEtablecaptionsepspace \else \@IEEEfigurecaptio
nsepspace \setbox \@tempboxa \hbox {\normalfont \footnotesize {#1.}\nobreakspac
e \nobreakspace #2}\ifdim \wd \@tempboxa >\hsize \setbox \@tempboxa \hbox {\nor
malfont \footnotesize {#1.}\nobreakspace \nobreakspace }\parbox [t]{\hsize }{\n
ormalfont \footnotesize \noindent \unhbox \@tempboxa #2}\else \ifCLASSOPTIONcon
ference \hbox to\hsize {\normalfont \footnotesize \hfil \box \@tempboxa \hfil }
\else \hbox to\hsize {\normalfont \footnotesize \box \@tempboxa \hfil }\fi \fi 
\fi .
\c@ContinuedFloat=\count122
Package caption Info: subfigure package is loaded.
)
\c@KVtest=\count123
\sf@farskip=\skip52
\sf@captopadj=\dimen147
\sf@capskip=\skip53
\sf@nearskip=\skip54
\sf@top=\skip55
\sf@bottom=\skip56
) (/usr/share/texlive/texmf-dist/tex/latex/amsmath/amsmath.sty
Package: amsmath 2016/03/03 v2.15a AMS math features
\@mathmargin=\skip57

For additional information on amsmath, use the `?' option.
(/usr/share/texlive/texmf-dist/tex/latex/amsmath/amstext.sty
Package: amstext 2000/06/29 v2.01 AMS text

(/usr/share/texlive/texmf-dist/tex/latex/amsmath/amsgen.sty
File: amsgen.sty 1999/11/30 v2.0 generic functions
\@emptytoks=\toks21
\ex@=\dimen148
))
(/usr/share/texlive/texmf-dist/tex/latex/amsmath/amsbsy.sty
Package: amsbsy 1999/11/29 v1.2d Bold Symbols
\pmbraise@=\dimen149
)
(/usr/share/texlive/texmf-dist/tex/latex/amsmath/amsopn.sty
Package: amsopn 1999/12/14 v2.01 operator names
)
\inf@bad=\count124
LaTeX Info: Redefining \frac on input line 199.
\uproot@=\count125
\leftroot@=\count126
LaTeX Info: Redefining \overline on input line 297.
\classnum@=\count127
\DOTSCASE@=\count128
LaTeX Info: Redefining \ldots on input line 394.
LaTeX Info: Redefining \dots on input line 397.
LaTeX Info: Redefining \cdots on input line 518.
\Mathstrutbox@=\box29
\strutbox@=\box30
\big@size=\dimen150
LaTeX Font Info:    Redeclaring font encoding OML on input line 630.
LaTeX Font Info:    Redeclaring font encoding OMS on input line 631.
\macc@depth=\count129
\c@MaxMatrixCols=\count130
\dotsspace@=\muskip10
\c@parentequation=\count131
\dspbrk@lvl=\count132
\tag@help=\toks22
\row@=\count133
\column@=\count134
\maxfields@=\count135
\andhelp@=\toks23
\eqnshift@=\dimen151
\alignsep@=\dimen152
\tagshift@=\dimen153
\tagwidth@=\dimen154
\totwidth@=\dimen155
\lineht@=\dimen156
\@envbody=\toks24
\multlinegap=\skip58
\multlinetaggap=\skip59
\mathdisplay@stack=\toks25
LaTeX Info: Redefining \[ on input line 2735.
LaTeX Info: Redefining \] on input line 2736.
)
(./VC_Moreno-Ramirez_170616.aux
LaTeX Info: Redefining \. on input line 6.
LaTeX Info: Redefining \% on input line 6.
)
\openout1 = `VC_Moreno-Ramirez_170616.aux'.

LaTeX Font Info:    Checking defaults for OML/cmm/m/it on input line 11.
LaTeX Font Info:    ... okay on input line 11.
LaTeX Font Info:    Checking defaults for T1/cmr/m/n on input line 11.
LaTeX Font Info:    ... okay on input line 11.
LaTeX Font Info:    Checking defaults for OT1/cmr/m/n on input line 11.
LaTeX Font Info:    ... okay on input line 11.
LaTeX Font Info:    Checking defaults for OMS/cmsy/m/n on input line 11.
LaTeX Font Info:    ... okay on input line 11.
LaTeX Font Info:    Checking defaults for OMX/cmex/m/n on input line 11.
LaTeX Font Info:    ... okay on input line 11.
LaTeX Font Info:    Checking defaults for U/cmr/m/n on input line 11.
LaTeX Font Info:    ... okay on input line 11.

-- Lines per column: 56 (exact).
LaTeX Info: Redefining \. on input line 11.
LaTeX Info: Redefining \% on input line 11.
(/usr/share/texlive/texmf-dist/tex/context/base/supp-pdf.mkii
[Loading MPS to PDF converter (version 2006.09.02).]
\scratchcounter=\count136
\scratchdimen=\dimen157
\scratchbox=\box31
\nofMPsegments=\count137
\nofMParguments=\count138
\everyMPshowfont=\toks26
\MPscratchCnt=\count139
\MPscratchDim=\dimen158
\MPnumerator=\count140
\makeMPintoPDFobject=\count141
\everyMPtoPDFconversion=\toks27
) (/usr/share/texlive/texmf-dist/tex/generic/oberdiek/pdftexcmds.sty
Package: pdftexcmds 2011/11/29 v0.20 Utility functions of pdfTeX for LuaTeX (HO
)

(/usr/share/texlive/texmf-dist/tex/generic/oberdiek/ifluatex.sty
Package: ifluatex 2010/03/01 v1.3 Provides the ifluatex switch (HO)
Package ifluatex Info: LuaTeX not detected.
)
(/usr/share/texlive/texmf-dist/tex/generic/oberdiek/ifpdf.sty
Package: ifpdf 2011/01/30 v2.3 Provides the ifpdf switch (HO)
Package ifpdf Info: pdfTeX in PDF mode is detected.
)
Package pdftexcmds Info: LuaTeX not detected.
Package pdftexcmds Info: \pdf@primitive is available.
Package pdftexcmds Info: \pdf@ifprimitive is available.
Package pdftexcmds Info: \pdfdraftmode found.
)
(/usr/share/texlive/texmf-dist/tex/latex/oberdiek/epstopdf-base.sty
Package: epstopdf-base 2010/02/09 v2.5 Base part for package epstopdf

(/usr/share/texlive/texmf-dist/tex/latex/oberdiek/grfext.sty
Package: grfext 2010/08/19 v1.1 Manage graphics extensions (HO)

(/usr/share/texlive/texmf-dist/tex/generic/oberdiek/kvdefinekeys.sty
Package: kvdefinekeys 2011/04/07 v1.3 Define keys (HO)
))
(/usr/share/texlive/texmf-dist/tex/latex/oberdiek/kvoptions.sty
Package: kvoptions 2011/06/30 v3.11 Key value format for package options (HO)

(/usr/share/texlive/texmf-dist/tex/generic/oberdiek/kvsetkeys.sty
Package: kvsetkeys 2012/04/25 v1.16 Key value parser (HO)

(/usr/share/texlive/texmf-dist/tex/generic/oberdiek/etexcmds.sty
Package: etexcmds 2011/02/16 v1.5 Avoid name clashes with e-TeX commands (HO)
Package etexcmds Info: Could not find \expanded.
(etexcmds)             That can mean that you are not using pdfTeX 1.50 or
(etexcmds)             that some package has redefined \expanded.
(etexcmds)             In the latter case, load this package earlier.
)))
Package grfext Info: Graphics extension search list:
(grfext)             [.png,.pdf,.jpg,.mps,.jpeg,.jbig2,.jb2,.PNG,.PDF,.JPG,.JPE
G,.JBIG2,.JB2,.eps]
(grfext)             \AppendGraphicsExtensions on input line 452.

(/usr/share/texlive/texmf-dist/tex/latex/latexconfig/epstopdf-sys.cfg
File: epstopdf-sys.cfg 2010/07/13 v1.3 Configuration of (r)epstopdf for TeX Liv
e
))
Package caption Info: Begin \AtBeginDocument code.
Package caption Info: subfig package v1.3 is loaded.
Package caption Info: End \AtBeginDocument code.

Underfull \hbox (badness 10000) in paragraph at lines 21--23

 []


Underfull \hbox (badness 10000) in paragraph at lines 31--32

 []


Underfull \hbox (badness 10000) in paragraph at lines 33--36

 []


Underfull \hbox (badness 1484) in paragraph at lines 33--36
\OT1/ptm/m/n/10 Los al-go-rit-mos de cla-si-fi-cac[]on su-per-vi-sa-da son aque
-llos
 []


Underfull \hbox (badness 10000) in paragraph at lines 33--36

 []


Underfull \hbox (badness 10000) in paragraph at lines 37--38

 []


Underfull \hbox (badness 10000) in paragraph at lines 41--42

 []


Underfull \hbox (badness 10000) in paragraph at lines 43--44

 []

<./images/clasificacion_supervisada1.jpg, id=1, 258.9675pt x 192.72pt>
File: ./images/clasificacion_supervisada1.jpg Graphic file (type jpg)

<use ./images/clasificacion_supervisada1.jpg>
Package pdftex.def Info: ./images/clasificacion_supervisada1.jpg used on input 
line 48.
(pdftex.def)             Requested size: 220.12338pt x 163.81276pt.

Underfull \hbox (badness 2582) in paragraph at lines 49--49
\OT1/ptm/m/n/10 Imagen ob-te-ni-da del si-tio:  \OT1/ptm/m/it/10 www.teledet.co
m.uy/tutorial-
 []


LaTeX Warning: `h' float specifier changed to `ht'.

[1{/var/lib/texmf/fonts/map/pdftex/updmap/pdftex.map}


]
Underfull \hbox (badness 10000) in paragraph at lines 62--64

 []


Underfull \hbox (badness 10000) in paragraph at lines 66--67

 []


Underfull \hbox (badness 10000) in paragraph at lines 66--67

 []

<./images/clasificacion_supervisada.jpg, id=11, 183.68625pt x 184.69pt>
File: ./images/clasificacion_supervisada.jpg Graphic file (type jpg)

<use ./images/clasificacion_supervisada.jpg>
Package pdftex.def Info: ./images/clasificacion_supervisada.jpg used on input l
ine 74.
(pdftex.def)             Requested size: 156.13402pt x 156.98721pt.

Underfull \hbox (badness 2582) in paragraph at lines 75--75
\OT1/ptm/m/n/10 Imagen ob-te-ni-da del si-tio:  \OT1/ptm/m/it/10 www.teledet.co
m.uy/tutorial-
 []


LaTeX Warning: `h' float specifier changed to `ht'.


Underfull \hbox (badness 10000) in paragraph at lines 80--81

 []

<./images/bird_house.jpg, id=12, 607.26875pt x 424.58624pt>
File: ./images/bird_house.jpg Graphic file (type jpg)

<use ./images/bird_house.jpg>
Package pdftex.def Info: ./images/bird_house.jpg used on input line 87.
(pdftex.def)             Requested size: 182.18202pt x 127.37685pt.
 [2 <./images/clasificacion_supervisada1.jpg> <./images/clasificacion_supervisa
da.jpg> <./images/bird_house.jpg>]
<./images/ball_inside.jpg, id=22, 1284.8pt x 722.7pt>
File: ./images/ball_inside.jpg Graphic file (type jpg)

<use ./images/ball_inside.jpg>
Package pdftex.def Info: ./images/ball_inside.jpg used on input line 96.
(pdftex.def)             Requested size: 256.95544pt x 144.53743pt.

Overfull \hbox (4.95544pt too wide) in paragraph at lines 96--97
 [][] 
 []


Underfull \hbox (badness 3019) in paragraph at lines 100--101
[]\OT1/ptm/m/n/10 Para po-der rea-li-zar to-da la cla-si-fi-ca-ci[]on pri-me-ro
 es
 []


Underfull \hbox (badness 10000) in paragraph at lines 100--101

 []

<./images/2umbralizacion.png, id=23, 1284.8pt x 722.7pt>
File: ./images/2umbralizacion.png Graphic file (type png)

<use ./images/2umbralizacion.png>
Package pdftex.def Info: ./images/2umbralizacion.png used on input line 105.
(pdftex.def)             Requested size: 256.95544pt x 144.53743pt.

Overfull \hbox (4.95544pt too wide) in paragraph at lines 105--106
 [][] 
 []

<./images/3erosion.png, id=24, 1284.8pt x 722.7pt>
File: ./images/3erosion.png Graphic file (type png)
 <use ./images/3erosion.png>
Package pdftex.def Info: ./images/3erosion.png used on input line 114.
(pdftex.def)             Requested size: 256.95544pt x 144.53743pt.

Overfull \hbox (4.95544pt too wide) in paragraph at lines 114--115
 [][] 
 []

<./images/4segmentacion.png, id=25, 1284.8pt x 722.7pt>
File: ./images/4segmentacion.png Graphic file (type png)

<use ./images/4segmentacion.png>
Package pdftex.def Info: ./images/4segmentacion.png used on input line 123.
(pdftex.def)             Requested size: 256.95544pt x 144.53743pt.

Overfull \hbox (4.95544pt too wide) in paragraph at lines 123--124
 [][] 
 []


Underfull \hbox (badness 1365) in paragraph at lines 127--128
[]\OT1/ptm/m/n/10 Al lle-gar has-ta es-te pun-to cual-quier pe-lo-ta se pue-de
 []


Underfull \hbox (badness 10000) in paragraph at lines 127--128

 []

<./images/balls1.jpg, id=26, 449.68pt x 436.63126pt>
File: ./images/balls1.jpg Graphic file (type jpg)
 <use ./images/balls1.jpg>
Package pdftex.def Info: ./images/balls1.jpg used on input line 134.
(pdftex.def)             Requested size: 116.91403pt x 113.52144pt.

<./images/balls2.jpg, id=27, 457.71pt x 450.68375pt>
File: ./images/balls2.jpg Graphic file (type jpg)
 <use ./images/balls2.jpg>
Package pdftex.def Info: ./images/balls2.jpg used on input line 135.
(pdftex.def)             Requested size: 114.42722pt x 112.67065pt.


LaTeX Warning: `h' float specifier changed to `ht'.

[3 <./images/ball_inside.jpg> <./images/2umbralizacion.png (PNG copy)> <./image
s/3erosion.png (PNG copy)> <./images/4segmentacion.png (PNG copy)>]
Underfull \hbox (badness 7504) in paragraph at lines 140--141
[]\OT1/ptm/m/n/10 Se de-fi-nie-ron tres cla-ses: Class-Red, Class-Green y
 []


Underfull \hbox (badness 10000) in paragraph at lines 140--141

 []

<./images/classRed.png, id=31, 301.125pt x 169.38281pt>
File: ./images/classRed.png Graphic file (type png)

<use ./images/classRed.png>
Package pdftex.def Info: ./images/classRed.png used on input line 153.
(pdftex.def)             Requested size: 123.46204pt x 69.44739pt.

<./images/classGreen.png, id=32, 301.125pt x 169.38281pt>
File: ./images/classGreen.png Graphic file (type png)

<use ./images/classGreen.png>
Package pdftex.def Info: ./images/classGreen.png used on input line 154.
(pdftex.def)             Requested size: 123.46204pt x 69.44739pt.

<./images/classBlue.png, id=33, 301.125pt x 169.38281pt>
File: ./images/classBlue.png Graphic file (type png)

<use ./images/classBlue.png>
Package pdftex.def Info: ./images/classBlue.png used on input line 155.
(pdftex.def)             Requested size: 123.46204pt x 69.44739pt.

<./images/test1.png, id=34, 301.125pt x 169.38281pt>
File: ./images/test1.png Graphic file (type png)
 <use ./images/test1.png>
Package pdftex.def Info: ./images/test1.png used on input line 164.
(pdftex.def)             Requested size: 123.46204pt x 69.44739pt.

<./images/test2.png, id=35, 301.125pt x 169.38281pt>
File: ./images/test2.png Graphic file (type png)
 <use ./images/test2.png>
Package pdftex.def Info: ./images/test2.png used on input line 165.
(pdftex.def)             Requested size: 123.46204pt x 69.44739pt.

<./images/test3.png, id=36, 301.125pt x 169.38281pt>
File: ./images/test3.png Graphic file (type png)
 <use ./images/test3.png>
Package pdftex.def Info: ./images/test3.png used on input line 166.
(pdftex.def)             Requested size: 123.46204pt x 69.44739pt.


LaTeX Warning: `h' float specifier changed to `ht'.


Underfull \hbox (badness 10000) in paragraph at lines 171--172

 []

<./images/Console1.png, id=37, 319.1925pt x 194.7275pt>
File: ./images/Console1.png Graphic file (type png)

<use ./images/Console1.png>
Package pdftex.def Info: ./images/Console1.png used on input line 177.
(pdftex.def)             Requested size: 130.86977pt x 79.83878pt.

<./images/Console2.png, id=38, 317.185pt x 203.76125pt>
File: ./images/Console2.png Graphic file (type png)

<use ./images/Console2.png>
Package pdftex.def Info: ./images/Console2.png used on input line 186.
(pdftex.def)             Requested size: 130.04668pt x 83.54265pt.


LaTeX Warning: `h' float specifier changed to `ht'.

[4 <./images/balls1.jpg> <./images/balls2.jpg> <./images/classRed.png (PNG copy
)> <./images/classGreen.png (PNG copy)> <./images/classBlue.png (PNG copy)> <./
images/test1.png (PNG copy)> <./images/test2.png (PNG copy)> <./images/test3.pn
g (PNG copy)> <./images/Console1.png>]
<./images/Console3.png, id=42, 323.2075pt x 187.70125pt>
File: ./images/Console3.png Graphic file (type png)

<use ./images/Console3.png>
Package pdftex.def Info: ./images/Console3.png used on input line 196.
(pdftex.def)             Requested size: 132.51593pt x 76.95801pt.

Underfull \hbox (badness 1400) in paragraph at lines 204--205
\OT1/ptm/m/n/10 erro-res al mo-men-to de im-ple-men-tar la trans-for-ma-da de
 []


Underfull \hbox (badness 10000) in paragraph at lines 204--205

 []


Underfull \hbox (badness 10000) in paragraph at lines 206--207

 []


** Conference Paper **
Before submitting the final camera ready copy, remember to:

 1. Manually equalize the lengths of two columns on the last page
 of your paper;

 2. Ensure that any PostScript and/or PDF output post-processing
 uses only Type 1 fonts and that every step in the generation
 process uses the appropriate paper size.

[5 <./images/Console2.png> <./images/Console3.png>]
(./VC_Moreno-Ramirez_170616.aux
LaTeX Info: Redefining \. on input line 6.
LaTeX Info: Redefining \% on input line 6.
) ) 
Here is how much of TeX's memory you used:
 5592 strings out of 493029
 87119 string characters out of 6136235
 175133 words of memory out of 5000000
 9049 multiletter control sequences out of 15000+600000
 34568 words of font info for 65 fonts, out of 8000000 for 9000
 1141 hyphenation exceptions out of 8191
 44i,7n,42p,836b,384s stack positions out of 5000i,500n,10000p,200000b,80000s
{/usr/share/texlive/texmf-dist/fonts/enc/dvips/base/8r.enc}</usr/share/texli
ve/texmf-dist/fonts/type1/public/amsfonts/cm/cmex10.pfb></usr/share/texlive/tex
mf-dist/fonts/type1/public/amsfonts/cm/cmmi10.pfb></usr/share/texlive/texmf-dis
t/fonts/type1/public/amsfonts/cm/cmmi7.pfb></usr/share/texlive/texmf-dist/fonts
/type1/public/amsfonts/cm/cmr10.pfb></usr/share/texlive/texmf-dist/fonts/type1/
public/amsfonts/cm/cmr7.pfb></usr/share/texlive/texmf-dist/fonts/type1/public/a
msfonts/cm/cmsy10.pfb></usr/share/texlive/texmf-dist/fonts/type1/urw/times/utmb
8a.pfb></usr/share/texlive/texmf-dist/fonts/type1/urw/times/utmbi8a.pfb></usr/s
hare/texlive/texmf-dist/fonts/type1/urw/times/utmr8a.pfb></usr/share/texlive/te
xmf-dist/fonts/type1/urw/times/utmri8a.pfb>
Output written on VC_Moreno-Ramirez_170616.pdf (5 pages, 927676 bytes).
PDF statistics:
 79 PDF objects out of 1000 (max. 8388607)
 43 compressed objects within 1 object stream
 0 named destinations out of 1000 (max. 500000)
 91 words of extra memory for PDF output out of 10000 (max. 10000000)

